{"level":"info","message":"Hello again distributed logs","timestamp":"2018-03-21T14:37:53.297Z"}
{"level":"info","message":"watch from app ready [object Object]","timestamp":"2018-03-21T14:42:54.051Z"}
{"level":"info","message":"apps hast","timestamp":"2018-03-21T14:42:54.053Z"}
{"level":"info","message":"let's get lates file changes","timestamp":"2018-03-21T14:42:57.054Z"}
{"level":"info","message":"nothing changed","timestamp":"2018-03-21T14:42:57.064Z"}
{"level":"info","message":"let's get lates file changes","timestamp":"2018-03-21T14:43:00.054Z"}
{"level":"info","message":"nothing changed","timestamp":"2018-03-21T14:43:00.074Z"}
{"level":"info","message":"let's get lates file changes","timestamp":"2018-03-21T14:43:03.055Z"}
{"level":"info","message":"nothing changed","timestamp":"2018-03-21T14:43:03.075Z"}
{"level":"info","message":"let's get lates file changes","timestamp":"2018-03-21T14:43:06.056Z"}
{"level":"info","message":"nothing changed","timestamp":"2018-03-21T14:43:06.081Z"}
{"level":"info","message":"let's get lates file changes","timestamp":"2018-03-21T14:43:09.057Z"}
{"level":"info","message":"nothing changed","timestamp":"2018-03-21T14:43:09.077Z"}
{"level":"info","message":"let's get lates file changes","timestamp":"2018-03-21T14:43:12.057Z"}
{"level":"info","message":"nothing changed","timestamp":"2018-03-21T14:43:12.077Z"}
{"level":"info","message":"let's get lates file changes","timestamp":"2018-03-21T14:43:15.058Z"}
{"level":"info","message":"nothing changed","timestamp":"2018-03-21T14:43:15.086Z"}
{"level":"info","message":"let's get lates file changes","timestamp":"2018-03-21T14:43:18.059Z"}
{"level":"info","message":"nothing changed","timestamp":"2018-03-21T14:43:18.076Z"}
{"level":"info","message":"let's get lates file changes","timestamp":"2018-03-21T14:43:21.060Z"}
{"level":"info","message":"nothing changed","timestamp":"2018-03-21T14:43:21.065Z"}
{"level":"info","message":"let's get lates file changes","timestamp":"2018-03-21T14:43:24.061Z"}
{"level":"info","message":"nothing changed","timestamp":"2018-03-21T14:43:24.083Z"}
{"level":"info","message":"let's get lates file changes","timestamp":"2018-03-21T14:43:27.062Z"}
{"level":"info","message":"nothing changed","timestamp":"2018-03-21T14:43:27.077Z"}
{"level":"info","message":"let's get lates file changes","timestamp":"2018-03-21T14:43:30.062Z"}
{"level":"info","message":"nothing changed","timestamp":"2018-03-21T14:43:30.075Z"}
{"level":"info","message":"let's get lates file changes","timestamp":"2018-03-21T14:43:33.063Z"}
{"level":"info","message":"nothing changed","timestamp":"2018-03-21T14:43:33.073Z"}
{"level":"info","message":"let's get lates file changes","timestamp":"2018-03-21T14:43:36.063Z"}
{"level":"info","message":"nothing changed","timestamp":"2018-03-21T14:43:36.068Z"}
{"level":"info","message":"let's get lates file changes","timestamp":"2018-03-21T14:43:39.063Z"}
{"level":"info","message":"Wed Mar 21 2018 18:01:56 GMT+0330 (Iran Standard Time)opened recently AIMP.lnk,Invalid Date","timestamp":"2018-03-21T14:43:39.065Z"}
{"level":"info","message":" need to update","timestamp":"2018-03-21T14:43:39.071Z"}
{"level":"info","message":"37 cleared apps","timestamp":"2018-03-21T14:43:39.076Z"}
{"level":"info","message":"37 apps set after update","timestamp":"2018-03-21T14:43:39.086Z"}
{"level":"info","message":"nothing changed","timestamp":"2018-03-21T14:43:39.086Z"}
{"level":"info","message":"dbTops 5","timestamp":"2018-03-21T14:43:39.088Z"}
{"level":"info","message":"avaz shode","timestamp":"2018-03-21T14:43:39.088Z"}
{"level":"info","message":"C:\\Users\\moein\\Desktop\\AIMP.lnk,C:\\Users\\moein\\Desktop\\apps\\AIMP.lnk","timestamp":"2018-03-21T14:43:39.092Z"}
{"level":"info","message":"C:\\Users\\moein\\Desktop\\Telegram.lnk,C:\\Users\\moein\\Desktop\\apps\\Telegram.lnk","timestamp":"2018-03-21T14:43:39.092Z"}
{"level":"info","message":"C:\\Users\\moein\\Desktop\\desktop-organizer.lnk,C:\\Users\\moein\\Desktop\\apps\\desktop-organizer.lnk","timestamp":"2018-03-21T14:43:39.093Z"}
{"level":"info","message":"C:\\Users\\moein\\Desktop\\EPSON File Manager.lnk,C:\\Users\\moein\\Desktop\\apps\\EPSON File Manager.lnk","timestamp":"2018-03-21T14:43:39.094Z"}
{"level":"info","message":"C:\\Users\\moein\\Desktop\\Devil May Cry 4 Special Edition.lnk,C:\\Users\\moein\\Desktop\\apps\\Devil May Cry 4 Special Edition.lnk","timestamp":"2018-03-21T14:43:39.094Z"}
{"level":"info","message":"let's get lates file changes","timestamp":"2018-03-21T14:43:42.064Z"}
{"level":"info","message":"Wed Mar 21 2018 18:13:39 GMT+0330 (Iran Standard Time)opened recently AIMP.lnk,Invalid Date","timestamp":"2018-03-21T14:43:42.065Z"}
{"level":"info","message":" need to update","timestamp":"2018-03-21T14:43:42.075Z"}
{"level":"info","message":"37 cleared apps","timestamp":"2018-03-21T14:43:42.077Z"}
{"level":"info","message":"37 apps set after update","timestamp":"2018-03-21T14:43:42.081Z"}
{"level":"info","message":"nothing changed","timestamp":"2018-03-21T14:43:42.081Z"}
{"level":"info","message":"dbTops 5","timestamp":"2018-03-21T14:43:42.087Z"}
{"level":"info","message":"avaz shode","timestamp":"2018-03-21T14:43:42.087Z"}
{"level":"info","message":"C:\\Users\\moein\\Desktop\\AIMP.lnk,C:\\Users\\moein\\Desktop\\apps\\AIMP.lnk","timestamp":"2018-03-21T14:43:42.093Z"}
{"level":"info","message":"C:\\Users\\moein\\Desktop\\Telegram.lnk,C:\\Users\\moein\\Desktop\\apps\\Telegram.lnk","timestamp":"2018-03-21T14:43:42.094Z"}
{"level":"info","message":"C:\\Users\\moein\\Desktop\\desktop-organizer.lnk,C:\\Users\\moein\\Desktop\\apps\\desktop-organizer.lnk","timestamp":"2018-03-21T14:43:42.095Z"}
{"level":"info","message":"C:\\Users\\moein\\Desktop\\EPSON File Manager.lnk,C:\\Users\\moein\\Desktop\\apps\\EPSON File Manager.lnk","timestamp":"2018-03-21T14:43:42.096Z"}
{"level":"info","message":"C:\\Users\\moein\\Desktop\\Devil May Cry 4 Special Edition.lnk,C:\\Users\\moein\\Desktop\\apps\\Devil May Cry 4 Special Edition.lnk","timestamp":"2018-03-21T14:43:42.096Z"}
{"level":"info","message":"let's get lates file changes","timestamp":"2018-03-21T14:43:45.064Z"}
{"level":"info","message":"nothing changed","timestamp":"2018-03-21T14:43:45.091Z"}
{"level":"info","message":"let's get lates file changes","timestamp":"2018-03-21T14:43:48.065Z"}
{"level":"info","message":"nothing changed","timestamp":"2018-03-21T14:43:48.080Z"}
{"level":"info","message":"let's get lates file changes","timestamp":"2018-03-21T14:43:51.066Z"}
{"level":"info","message":"nothing changed","timestamp":"2018-03-21T14:43:51.074Z"}
{"level":"info","message":"let's get lates file changes","timestamp":"2018-03-21T14:43:54.068Z"}
{"level":"info","message":"nothing changed","timestamp":"2018-03-21T14:43:54.075Z"}
{"level":"info","message":"let's get lates file changes","timestamp":"2018-03-21T14:43:57.068Z"}
{"level":"info","message":"nothing changed","timestamp":"2018-03-21T14:43:57.097Z"}
{"level":"info","message":"let's get lates file changes","timestamp":"2018-03-21T14:44:00.070Z"}
{"level":"info","message":"nothing changed","timestamp":"2018-03-21T14:44:00.076Z"}
{"level":"info","message":"let's get lates file changes","timestamp":"2018-03-21T14:44:03.070Z"}
{"level":"info","message":"nothing changed","timestamp":"2018-03-21T14:44:03.075Z"}
