{"level":"info","message":"watch from app ready [object Object]","timestamp":"2018-03-21T15:32:30.185Z"}
{"level":"info","message":"apps hast","timestamp":"2018-03-21T15:32:30.186Z"}
{"level":"info","message":"let's get lates file changes","timestamp":"2018-03-21T15:32:33.190Z"}
{"level":"info","message":"Wed Mar 21 2018 18:13:42 GMT+0330 (Iran Standard Time)opened recently AIMP.lnk,Invalid Date","timestamp":"2018-03-21T15:32:33.200Z"}
{"level":"info","message":"Wed Mar 21 2018 16:28:46 GMT+0330 (Iran Standard Time)opened recently Arduino.lnk,Invalid Date","timestamp":"2018-03-21T15:32:33.480Z"}
{"level":"info","message":"Wed Mar 21 2018 16:28:46 GMT+0330 (Iran Standard Time)opened recently Assassins's Creed 4 - Black Flag.lnk,Invalid Date","timestamp":"2018-03-21T15:32:33.481Z"}
{"level":"info","message":"Wed Mar 21 2018 16:28:46 GMT+0330 (Iran Standard Time)opened recently Bandicut.lnk,Invalid Date","timestamp":"2018-03-21T15:32:33.483Z"}
{"level":"info","message":"Wed Mar 21 2018 16:28:46 GMT+0330 (Iran Standard Time)opened recently Battlefield 1.lnk,Invalid Date","timestamp":"2018-03-21T15:32:33.484Z"}
{"level":"info","message":"Wed Mar 21 2018 16:28:46 GMT+0330 (Iran Standard Time)opened recently Call of Duty Infinite Warfare.lnk,Invalid Date","timestamp":"2018-03-21T15:32:33.485Z"}
{"level":"info","message":"Wed Mar 21 2018 18:02:00 GMT+0330 (Iran Standard Time)opened recently Devil May Cry 4 Special Edition.lnk,Invalid Date","timestamp":"2018-03-21T15:32:33.486Z"}
{"level":"info","message":"Wed Mar 21 2018 17:46:29 GMT+0330 (Iran Standard Time)opened recently Discord.lnk,Invalid Date","timestamp":"2018-03-21T15:32:33.487Z"}
{"level":"info","message":"Wed Mar 21 2018 16:36:46 GMT+0330 (Iran Standard Time)opened recently Epic Games Launcher.lnk,Invalid Date","timestamp":"2018-03-21T15:32:33.488Z"}
{"level":"info","message":"Wed Mar 21 2018 17:59:23 GMT+0330 (Iran Standard Time)opened recently EPSON File Manager.lnk,Invalid Date","timestamp":"2018-03-21T15:32:33.489Z"}
{"level":"info","message":"Wed Mar 21 2018 16:28:46 GMT+0330 (Iran Standard Time)opened recently EPSON Scan.lnk,Invalid Date","timestamp":"2018-03-21T15:32:33.490Z"}
{"level":"info","message":"Wed Mar 21 2018 16:28:46 GMT+0330 (Iran Standard Time)opened recently FORTMATE.lnk,Invalid Date","timestamp":"2018-03-21T15:32:33.491Z"}
{"level":"info","message":"Wed Mar 21 2018 16:28:46 GMT+0330 (Iran Standard Time)opened recently Internet Download Manager.lnk,Invalid Date","timestamp":"2018-03-21T15:32:33.491Z"}
{"level":"info","message":"Wed Mar 21 2018 16:28:46 GMT+0330 (Iran Standard Time)opened recently Internet Friendly Media Encoder.lnk,Invalid Date","timestamp":"2018-03-21T15:32:33.492Z"}
{"level":"info","message":"Wed Mar 21 2018 16:28:46 GMT+0330 (Iran Standard Time)opened recently MiPCSuite.lnk,Invalid Date","timestamp":"2018-03-21T15:32:33.493Z"}
{"level":"info","message":"Wed Mar 21 2018 16:28:46 GMT+0330 (Iran Standard Time)opened recently MSI Afterburner.lnk,Invalid Date","timestamp":"2018-03-21T15:32:33.494Z"}
{"level":"info","message":"Wed Mar 21 2018 16:28:46 GMT+0330 (Iran Standard Time)opened recently OBS Studio.lnk,Invalid Date","timestamp":"2018-03-21T15:32:33.494Z"}
{"level":"info","message":"Wed Mar 21 2018 16:29:15 GMT+0330 (Iran Standard Time)opened recently OpenVPN GUI.lnk,Invalid Date","timestamp":"2018-03-21T15:32:33.495Z"}
{"level":"info","message":"Wed Mar 21 2018 16:29:15 GMT+0330 (Iran Standard Time)opened recently Origin.lnk,Invalid Date","timestamp":"2018-03-21T15:32:33.496Z"}
{"level":"info","message":"Wed Mar 21 2018 18:02:42 GMT+0330 (Iran Standard Time)opened recently Telegram.lnk,Invalid Date","timestamp":"2018-03-21T15:32:33.499Z"}
{"level":"info","message":" need to update","timestamp":"2018-03-21T15:32:33.503Z"}
{"level":"info","message":"36 cleared apps","timestamp":"2018-03-21T15:32:33.515Z"}
{"level":"info","message":"36 apps set after update","timestamp":"2018-03-21T15:32:33.519Z"}
{"level":"info","message":"nothing changed","timestamp":"2018-03-21T15:32:33.519Z"}
{"level":"info","message":"dbTops 5","timestamp":"2018-03-21T15:32:33.521Z"}
{"level":"info","message":"avaz shode","timestamp":"2018-03-21T15:32:33.521Z"}
{"level":"info","message":"Error: ENOENT: no such file or directory, unlink 'C:\\Users\\moein\\Desktop\\AIMP.lnk' remove","timestamp":"2018-03-21T15:32:33.548Z"}
{"level":"info","message":"C:\\Users\\moein\\Desktop\\AIMP.lnk,C:\\Users\\moein\\Desktop\\apps\\AIMP.lnk","timestamp":"2018-03-21T15:32:33.648Z"}
{"level":"info","message":"C:\\Users\\moein\\Desktop\\Telegram.lnk,C:\\Users\\moein\\Desktop\\apps\\Telegram.lnk","timestamp":"2018-03-21T15:32:33.652Z"}
{"level":"info","message":"C:\\Users\\moein\\Desktop\\Devil May Cry 4 Special Edition.lnk,C:\\Users\\moein\\Desktop\\apps\\Devil May Cry 4 Special Edition.lnk","timestamp":"2018-03-21T15:32:33.654Z"}
{"level":"info","message":"C:\\Users\\moein\\Desktop\\EPSON File Manager.lnk,C:\\Users\\moein\\Desktop\\apps\\EPSON File Manager.lnk","timestamp":"2018-03-21T15:32:33.689Z"}
{"level":"info","message":"C:\\Users\\moein\\Desktop\\Discord.lnk,C:\\Users\\moein\\Desktop\\apps\\Discord.lnk","timestamp":"2018-03-21T15:32:33.692Z"}
{"level":"info","message":"let's get lates file changes","timestamp":"2018-03-21T15:32:36.192Z"}
{"level":"info","message":"Wed Mar 21 2018 18:56:24 GMT+0330 (Iran Standard Time)opened recently Discord.lnk,Invalid Date","timestamp":"2018-03-21T15:32:36.194Z"}
{"level":"info","message":" need to update","timestamp":"2018-03-21T15:32:36.198Z"}
{"level":"info","message":"36 cleared apps","timestamp":"2018-03-21T15:32:36.199Z"}
{"level":"info","message":"36 apps set after update","timestamp":"2018-03-21T15:32:36.200Z"}
{"level":"info","message":"nothing changed","timestamp":"2018-03-21T15:32:36.203Z"}
{"level":"info","message":"dbTops 5","timestamp":"2018-03-21T15:32:36.204Z"}
{"level":"info","message":"avaz shode","timestamp":"2018-03-21T15:32:36.204Z"}
{"level":"info","message":"C:\\Users\\moein\\Desktop\\AIMP.lnk,C:\\Users\\moein\\Desktop\\apps\\AIMP.lnk","timestamp":"2018-03-21T15:32:36.206Z"}
{"level":"info","message":"C:\\Users\\moein\\Desktop\\Telegram.lnk,C:\\Users\\moein\\Desktop\\apps\\Telegram.lnk","timestamp":"2018-03-21T15:32:36.207Z"}
{"level":"info","message":"C:\\Users\\moein\\Desktop\\Discord.lnk,C:\\Users\\moein\\Desktop\\apps\\Discord.lnk","timestamp":"2018-03-21T15:32:36.208Z"}
{"level":"info","message":"C:\\Users\\moein\\Desktop\\Devil May Cry 4 Special Edition.lnk,C:\\Users\\moein\\Desktop\\apps\\Devil May Cry 4 Special Edition.lnk","timestamp":"2018-03-21T15:32:36.208Z"}
{"level":"info","message":"C:\\Users\\moein\\Desktop\\EPSON File Manager.lnk,C:\\Users\\moein\\Desktop\\apps\\EPSON File Manager.lnk","timestamp":"2018-03-21T15:32:36.209Z"}
{"level":"info","message":"let's get lates file changes","timestamp":"2018-03-21T15:32:39.193Z"}
{"level":"info","message":"nothing changed","timestamp":"2018-03-21T15:32:39.218Z"}
{"level":"info","message":"let's get lates file changes","timestamp":"2018-03-21T15:32:42.194Z"}
{"level":"info","message":"nothing changed","timestamp":"2018-03-21T15:32:42.201Z"}
{"level":"info","message":"let's get lates file changes","timestamp":"2018-03-21T15:32:45.195Z"}
{"level":"info","message":"nothing changed","timestamp":"2018-03-21T15:32:45.200Z"}
{"level":"info","message":"let's get lates file changes","timestamp":"2018-03-21T15:32:48.195Z"}
{"level":"info","message":"nothing changed","timestamp":"2018-03-21T15:32:48.215Z"}
{"level":"info","message":"let's get lates file changes","timestamp":"2018-03-21T15:32:51.195Z"}
{"level":"info","message":"nothing changed","timestamp":"2018-03-21T15:32:51.205Z"}
{"level":"info","message":"let's get lates file changes","timestamp":"2018-03-21T15:32:54.195Z"}
{"level":"info","message":"nothing changed","timestamp":"2018-03-21T15:32:54.215Z"}
{"level":"info","message":"let's get lates file changes","timestamp":"2018-03-21T15:32:57.196Z"}
{"level":"info","message":"nothing changed","timestamp":"2018-03-21T15:32:57.222Z"}
{"level":"info","message":"let's get lates file changes","timestamp":"2018-03-21T15:33:00.197Z"}
{"level":"info","message":"nothing changed","timestamp":"2018-03-21T15:33:00.225Z"}
{"level":"info","message":"let's get lates file changes","timestamp":"2018-03-21T15:33:03.198Z"}
{"level":"info","message":"nothing changed","timestamp":"2018-03-21T15:33:03.215Z"}
{"level":"info","message":"let's get lates file changes","timestamp":"2018-03-21T15:33:06.199Z"}
{"level":"info","message":"nothing changed","timestamp":"2018-03-21T15:33:06.222Z"}
{"level":"info","message":"let's get lates file changes","timestamp":"2018-03-21T15:33:09.200Z"}
{"level":"info","message":"nothing changed","timestamp":"2018-03-21T15:33:09.220Z"}
{"level":"info","message":"let's get lates file changes","timestamp":"2018-03-21T15:33:12.201Z"}
{"level":"info","message":"nothing changed","timestamp":"2018-03-21T15:33:12.220Z"}
{"level":"info","message":"let's get lates file changes","timestamp":"2018-03-21T15:33:15.202Z"}
{"level":"info","message":"nothing changed","timestamp":"2018-03-21T15:33:15.231Z"}
{"level":"info","message":"let's get lates file changes","timestamp":"2018-03-21T15:33:18.203Z"}
{"level":"info","message":"nothing changed","timestamp":"2018-03-21T15:33:18.224Z"}
{"level":"info","message":"let's get lates file changes","timestamp":"2018-03-21T15:33:21.204Z"}
{"level":"info","message":"nothing changed","timestamp":"2018-03-21T15:33:21.229Z"}
{"level":"info","message":"let's get lates file changes","timestamp":"2018-03-21T15:33:24.206Z"}
{"level":"info","message":"nothing changed","timestamp":"2018-03-21T15:33:24.226Z"}
{"level":"info","message":"let's get lates file changes","timestamp":"2018-03-21T15:33:27.207Z"}
{"level":"info","message":"nothing changed","timestamp":"2018-03-21T15:33:27.231Z"}
{"level":"info","message":"let's get lates file changes","timestamp":"2018-03-21T15:33:30.209Z"}
{"level":"info","message":"nothing changed","timestamp":"2018-03-21T15:33:30.227Z"}
{"level":"info","message":"let's get lates file changes","timestamp":"2018-03-21T15:33:33.211Z"}
{"level":"info","message":"nothing changed","timestamp":"2018-03-21T15:33:33.233Z"}
{"level":"info","message":"let's get lates file changes","timestamp":"2018-03-21T15:33:36.212Z"}
{"level":"info","message":"nothing changed","timestamp":"2018-03-21T15:33:36.226Z"}
{"level":"info","message":"let's get lates file changes","timestamp":"2018-03-21T15:33:39.213Z"}
{"level":"info","message":"nothing changed","timestamp":"2018-03-21T15:33:39.235Z"}
{"level":"info","message":"let's get lates file changes","timestamp":"2018-03-21T15:33:42.214Z"}
{"level":"info","message":"nothing changed","timestamp":"2018-03-21T15:33:42.235Z"}
{"level":"info","message":"let's get lates file changes","timestamp":"2018-03-21T15:33:45.216Z"}
{"level":"info","message":"nothing changed","timestamp":"2018-03-21T15:33:45.237Z"}
{"level":"info","message":"let's get lates file changes","timestamp":"2018-03-21T15:33:48.217Z"}
{"level":"info","message":"nothing changed","timestamp":"2018-03-21T15:33:48.238Z"}
{"level":"info","message":"let's get lates file changes","timestamp":"2018-03-21T15:33:51.218Z"}
{"level":"info","message":"nothing changed","timestamp":"2018-03-21T15:33:51.227Z"}
{"level":"info","message":"let's get lates file changes","timestamp":"2018-03-21T15:33:54.218Z"}
{"level":"info","message":"nothing changed","timestamp":"2018-03-21T15:33:54.246Z"}
{"level":"info","message":"let's get lates file changes","timestamp":"2018-03-21T15:33:57.218Z"}
{"level":"info","message":"nothing changed","timestamp":"2018-03-21T15:33:57.242Z"}
{"level":"info","message":"let's get lates file changes","timestamp":"2018-03-21T15:34:00.219Z"}
{"level":"info","message":"nothing changed","timestamp":"2018-03-21T15:34:00.247Z"}
{"level":"info","message":"let's get lates file changes","timestamp":"2018-03-21T15:34:03.219Z"}
{"level":"info","message":"nothing changed","timestamp":"2018-03-21T15:34:03.244Z"}
{"level":"info","message":"let's get lates file changes","timestamp":"2018-03-21T15:34:06.219Z"}
{"level":"info","message":"nothing changed","timestamp":"2018-03-21T15:34:06.227Z"}
{"level":"info","message":"let's get lates file changes","timestamp":"2018-03-21T15:34:09.220Z"}
{"level":"info","message":"nothing changed","timestamp":"2018-03-21T15:34:09.227Z"}
{"level":"info","message":"let's get lates file changes","timestamp":"2018-03-21T15:34:12.222Z"}
{"level":"info","message":"nothing changed","timestamp":"2018-03-21T15:34:12.304Z"}
{"level":"info","message":"let's get lates file changes","timestamp":"2018-03-21T15:34:15.239Z"}
{"level":"info","message":"nothing changed","timestamp":"2018-03-21T15:34:15.247Z"}
